<?xml version="1.0" encoding="UTF-8"?>
<testng-results skipped="0" failed="0" total="4" passed="4">
  <reporter-output>
  </reporter-output>
  <suite name="Suite" duration-ms="103" started-at="2019-03-03T07:13:17Z" finished-at="2019-03-03T07:13:17Z">
    <groups>
    </groups>
    <test name="Test" duration-ms="103" started-at="2019-03-03T07:13:17Z" finished-at="2019-03-03T07:13:17Z">
      <class name="basicAnnotations.Testing1">
        <test-method status="PASS" signature="beforeSuite()[pri:0, instance:basicAnnotations.Testing1@387c703b]" name="beforeSuite" is-config="true" duration-ms="30" started-at="2019-03-03T12:43:16Z" finished-at="2019-03-03T12:43:17Z">
          <reporter-output>
          </reporter-output>
        </test-method> <!-- beforeSuite -->
        <test-method status="PASS" signature="beforeModule()[pri:0, instance:basicAnnotations.Testing1@387c703b]" name="beforeModule" is-config="true" duration-ms="1" started-at="2019-03-03T12:43:17Z" finished-at="2019-03-03T12:43:17Z">
          <reporter-output>
          </reporter-output>
        </test-method> <!-- beforeModule -->
        <test-method status="PASS" signature="beforeTestScript()[pri:0, instance:basicAnnotations.Testing1@387c703b]" name="beforeTestScript" is-config="true" duration-ms="1" started-at="2019-03-03T12:43:17Z" finished-at="2019-03-03T12:43:17Z">
          <reporter-output>
          </reporter-output>
        </test-method> <!-- beforeTestScript -->
        <test-method status="PASS" signature="test1()[pri:0, instance:basicAnnotations.Testing1@387c703b]" name="test1" duration-ms="2" started-at="2019-03-03T12:43:17Z" finished-at="2019-03-03T12:43:17Z">
          <reporter-output>
          </reporter-output>
        </test-method> <!-- test1 -->
        <test-method status="PASS" signature="afterTestScript()[pri:0, instance:basicAnnotations.Testing1@387c703b]" name="afterTestScript" is-config="true" duration-ms="3" started-at="2019-03-03T12:43:17Z" finished-at="2019-03-03T12:43:17Z">
          <reporter-output>
          </reporter-output>
        </test-method> <!-- afterTestScript -->
        <test-method status="PASS" signature="beforeTestScript()[pri:0, instance:basicAnnotations.Testing1@387c703b]" name="beforeTestScript" is-config="true" duration-ms="0" started-at="2019-03-03T12:43:17Z" finished-at="2019-03-03T12:43:17Z">
          <reporter-output>
          </reporter-output>
        </test-method> <!-- beforeTestScript -->
        <test-method status="PASS" signature="test2()[pri:0, instance:basicAnnotations.Testing1@387c703b]" name="test2" duration-ms="4" started-at="2019-03-03T12:43:17Z" finished-at="2019-03-03T12:43:17Z">
          <reporter-output>
          </reporter-output>
        </test-method> <!-- test2 -->
        <test-method status="PASS" signature="afterTestScript()[pri:0, instance:basicAnnotations.Testing1@387c703b]" name="afterTestScript" is-config="true" duration-ms="2" started-at="2019-03-03T12:43:17Z" finished-at="2019-03-03T12:43:17Z">
          <reporter-output>
          </reporter-output>
        </test-method> <!-- afterTestScript -->
        <test-method status="PASS" signature="afterModule()[pri:0, instance:basicAnnotations.Testing1@387c703b]" name="afterModule" is-config="true" duration-ms="0" started-at="2019-03-03T12:43:17Z" finished-at="2019-03-03T12:43:17Z">
          <reporter-output>
          </reporter-output>
        </test-method> <!-- afterModule -->
        <test-method status="PASS" signature="afterSuite()[pri:0, instance:basicAnnotations.Testing1@387c703b]" name="afterSuite" is-config="true" duration-ms="0" started-at="2019-03-03T12:43:17Z" finished-at="2019-03-03T12:43:17Z">
          <reporter-output>
          </reporter-output>
        </test-method> <!-- afterSuite -->
      </class> <!-- basicAnnotations.Testing1 -->
      <class name="basicAnnotations.Testing2">
        <test-method status="PASS" signature="beforeModule()[pri:0, instance:basicAnnotations.Testing2@224aed64]" name="beforeModule" is-config="true" duration-ms="1" started-at="2019-03-03T12:43:17Z" finished-at="2019-03-03T12:43:17Z">
          <reporter-output>
          </reporter-output>
        </test-method> <!-- beforeModule -->
        <test-method status="PASS" signature="beforeTestScript()[pri:0, instance:basicAnnotations.Testing2@224aed64]" name="beforeTestScript" is-config="true" duration-ms="1" started-at="2019-03-03T12:43:17Z" finished-at="2019-03-03T12:43:17Z">
          <reporter-output>
          </reporter-output>
        </test-method> <!-- beforeTestScript -->
        <test-method status="PASS" signature="test1()[pri:0, instance:basicAnnotations.Testing2@224aed64]" name="test1" duration-ms="14" started-at="2019-03-03T12:43:17Z" finished-at="2019-03-03T12:43:17Z">
          <reporter-output>
          </reporter-output>
        </test-method> <!-- test1 -->
        <test-method status="PASS" signature="afterTestScript()[pri:0, instance:basicAnnotations.Testing2@224aed64]" name="afterTestScript" is-config="true" duration-ms="2" started-at="2019-03-03T12:43:17Z" finished-at="2019-03-03T12:43:17Z">
          <reporter-output>
          </reporter-output>
        </test-method> <!-- afterTestScript -->
        <test-method status="PASS" signature="beforeTestScript()[pri:0, instance:basicAnnotations.Testing2@224aed64]" name="beforeTestScript" is-config="true" duration-ms="1" started-at="2019-03-03T12:43:17Z" finished-at="2019-03-03T12:43:17Z">
          <reporter-output>
          </reporter-output>
        </test-method> <!-- beforeTestScript -->
        <test-method status="PASS" signature="test2()[pri:0, instance:basicAnnotations.Testing2@224aed64]" name="test2" duration-ms="4" started-at="2019-03-03T12:43:17Z" finished-at="2019-03-03T12:43:17Z">
          <reporter-output>
          </reporter-output>
        </test-method> <!-- test2 -->
        <test-method status="PASS" signature="afterTestScript()[pri:0, instance:basicAnnotations.Testing2@224aed64]" name="afterTestScript" is-config="true" duration-ms="1" started-at="2019-03-03T12:43:17Z" finished-at="2019-03-03T12:43:17Z">
          <reporter-output>
          </reporter-output>
        </test-method> <!-- afterTestScript -->
        <test-method status="PASS" signature="afterModule()[pri:0, instance:basicAnnotations.Testing2@224aed64]" name="afterModule" is-config="true" duration-ms="1" started-at="2019-03-03T12:43:17Z" finished-at="2019-03-03T12:43:17Z">
          <reporter-output>
          </reporter-output>
        </test-method> <!-- afterModule -->
      </class> <!-- basicAnnotations.Testing2 -->
    </test> <!-- Test -->
  </suite> <!-- Suite -->
</testng-results>
