<?xml version="1.0" encoding="UTF-8"?>
<!-- Generated by org.testng.reporters.JUnitXMLReporter -->
<testsuite hostname="TechBodhi" name="Test" tests="4" failures="0" timestamp="3 Mar 2019 07:13:17 GMT" time="0.103" errors="0">
  <testcase name="test1" time="0.014" classname="basicAnnotations.Testing2"/>
  <testcase name="test2" time="0.004" classname="basicAnnotations.Testing2"/>
  <testcase name="test1" time="0.002" classname="basicAnnotations.Testing1"/>
  <testcase name="test2" time="0.004" classname="basicAnnotations.Testing1"/>
</testsuite> <!-- Test -->
